<?xml version="1.0" encoding="UTF-8"?>
<!-- Generated by org.testng.reporters.JUnitReportReporter -->
<testsuite hostname="DESKTOP-9P46NPI" failures="0" tests="1" name="StackAdapt_Assigment.Demo_Page" time="36.211" errors="0" timestamp="2022-09-28T17:36:02 EDT" skipped="0">
  <testcase classname="StackAdapt_Assigment.Demo_Page" name="Demo_sign_up" time="36.211"/>
  <system-out/>
</testsuite> <!-- StackAdapt_Assigment.Demo_Page -->
